[debug] [2022-09-23T02:15:42.080Z] ----------------------------------------------------------------------
[debug] [2022-09-23T02:15:42.082Z] Command:       /usr/local/bin/node /usr/local/bin/firebase init
[debug] [2022-09-23T02:15:42.082Z] CLI Version:   11.10.0
[debug] [2022-09-23T02:15:42.082Z] Platform:      darwin
[debug] [2022-09-23T02:15:42.082Z] Node Version:  v14.18.0
[debug] [2022-09-23T02:15:42.083Z] Time:          Fri Sep 23 2022 10:15:42 GMT+0800 (Ulaanbaatar Standard Time)
[debug] [2022-09-23T02:15:42.084Z] ----------------------------------------------------------------------
[debug] 
[debug] [2022-09-23T02:15:42.089Z] > command requires scopes: ["email","openid","https://www.googleapis.com/auth/cloudplatformprojects.readonly","https://www.googleapis.com/auth/firebase","https://www.googleapis.com/auth/cloud-platform"]
[debug] [2022-09-23T02:15:42.089Z] > authorizing via signed-in user (itgel007@gmail.com)
[info] 
     ######## #### ########  ######## ########     ###     ######  ########
     ##        ##  ##     ## ##       ##     ##  ##   ##  ##       ##
     ######    ##  ########  ######   ########  #########  ######  ######
     ##        ##  ##    ##  ##       ##     ## ##     ##       ## ##
     ##       #### ##     ## ######## ########  ##     ##  ######  ########

You're about to initialize a Firebase project in this directory:

  /Users/itgel/Desktop/wathr-app/wathr-app/wathr-app

[info] 
=== Project Setup
[info] 
[info] First, let's associate this project directory with a Firebase project.
[info] You can create multiple project aliases by running firebase use --add, 
[info] but for now we'll just set up a default project.
[info] 
[info] i  If you want to create a project in a Google Cloud organization or folder, please use "firebase projects:create" instead, and return to this command when you've created the project. 
[debug] [2022-09-23T02:18:52.008Z] >>> [apiv2][query] POST https://cloudresourcemanager.googleapis.com/v1/projects [none]
[debug] [2022-09-23T02:18:52.009Z] >>> [apiv2][body] POST https://cloudresourcemanager.googleapis.com/v1/projects {"projectId":"nest-itgel-weather","name":"weather"}
[debug] [2022-09-23T02:18:53.591Z] <<< [apiv2][status] POST https://cloudresourcemanager.googleapis.com/v1/projects 200
[debug] [2022-09-23T02:18:53.591Z] <<< [apiv2][body] POST https://cloudresourcemanager.googleapis.com/v1/projects {"name":"operations/cp.5539643905602079442"}
[debug] [2022-09-23T02:18:53.592Z] >>> [apiv2][query] GET https://cloudresourcemanager.googleapis.com/v1/operations/cp.5539643905602079442 [none]
[debug] [2022-09-23T02:18:55.075Z] <<< [apiv2][status] GET https://cloudresourcemanager.googleapis.com/v1/operations/cp.5539643905602079442 200
[debug] [2022-09-23T02:18:55.075Z] <<< [apiv2][body] GET https://cloudresourcemanager.googleapis.com/v1/operations/cp.5539643905602079442 {"name":"operations/cp.5539643905602079442"}
[debug] [2022-09-23T02:18:55.577Z] [Project Creation Poller] Retrying task index 0
[debug] [2022-09-23T02:18:55.578Z] >>> [apiv2][query] GET https://cloudresourcemanager.googleapis.com/v1/operations/cp.5539643905602079442 [none]
[debug] [2022-09-23T02:18:57.184Z] <<< [apiv2][status] GET https://cloudresourcemanager.googleapis.com/v1/operations/cp.5539643905602079442 200
[debug] [2022-09-23T02:18:57.184Z] <<< [apiv2][body] GET https://cloudresourcemanager.googleapis.com/v1/operations/cp.5539643905602079442 {"name":"operations/cp.5539643905602079442","metadata":{"@type":"type.googleapis.com/google.cloudresourcemanager.v1.ProjectCreationStatus","gettable":true}}
[debug] [2022-09-23T02:18:58.184Z] [Project Creation Poller] Retrying task index 0
[debug] [2022-09-23T02:18:58.185Z] >>> [apiv2][query] GET https://cloudresourcemanager.googleapis.com/v1/operations/cp.5539643905602079442 [none]
[debug] [2022-09-23T02:19:00.029Z] <<< [apiv2][status] GET https://cloudresourcemanager.googleapis.com/v1/operations/cp.5539643905602079442 200
[debug] [2022-09-23T02:19:00.029Z] <<< [apiv2][body] GET https://cloudresourcemanager.googleapis.com/v1/operations/cp.5539643905602079442 {"name":"operations/cp.5539643905602079442","metadata":{"@type":"type.googleapis.com/google.cloudresourcemanager.v1.ProjectCreationStatus","gettable":true,"ready":true},"done":true,"response":{"@type":"type.googleapis.com/google.cloudresourcemanager.v1.Project","projectNumber":"760415411432","projectId":"nest-itgel-weather","lifecycleState":"ACTIVE","name":"weather","createTime":"2022-09-23T08:50:23.246Z"}}
[debug] [2022-09-23T02:19:00.030Z] >>> [apiv2][query] POST https://firebase.googleapis.com/v1beta1/projects/nest-itgel-weather:addFirebase [none]
[debug] [2022-09-23T02:19:01.711Z] <<< [apiv2][status] POST https://firebase.googleapis.com/v1beta1/projects/nest-itgel-weather:addFirebase 403
[debug] [2022-09-23T02:19:01.711Z] <<< [apiv2][body] POST https://firebase.googleapis.com/v1beta1/projects/nest-itgel-weather:addFirebase {"error":{"code":403,"message":"The caller does not have permission","status":"PERMISSION_DENIED"}}
[debug] [2022-09-23T02:19:01.712Z] HTTP Error: 403, The caller does not have permission
[debug] [2022-09-23T02:19:02.193Z] FirebaseError: HTTP Error: 403, The caller does not have permission
    at responseToError (/usr/local/lib/node_modules/firebase-tools/lib/responseToError.js:49:12)
    at RetryOperation._fn (/usr/local/lib/node_modules/firebase-tools/lib/apiv2.js:288:77)
    at processTicksAndRejections (internal/process/task_queues.js:95:5)
[error] 
[error] Error: Failed to add Fiebase to Google Cloud Platform project. See firebase-debug.log for more info.
